[debug] [2021-05-13T06:49:02.754Z] ----------------------------------------------------------------------
[debug] [2021-05-13T06:49:02.757Z] Command:       C:\Program Files\nodejs\node.exe C:\Users\Royal\AppData\Roaming\npm\node_modules\firebase-tools\lib\bin\firebase.js deploy
[debug] [2021-05-13T06:49:02.757Z] CLI Version:   9.10.2
[debug] [2021-05-13T06:49:02.757Z] Platform:      win32
[debug] [2021-05-13T06:49:02.757Z] Node Version:  v14.15.1
[debug] [2021-05-13T06:49:02.758Z] Time:          Thu May 13 2021 12:19:02 GMT+0530 (India Standard Time)
[debug] [2021-05-13T06:49:02.759Z] ----------------------------------------------------------------------
[debug] 
[debug] [2021-05-13T06:49:02.766Z] > command requires scopes: ["email","openid","https://www.googleapis.com/auth/cloudplatformprojects.readonly","https://www.googleapis.com/auth/firebase","https://www.googleapis.com/auth/cloud-platform"]
[debug] [2021-05-13T06:49:02.766Z] > authorizing via signed-in user (parthnonghanvadra@gmail.com)
[debug] [2021-05-13T06:49:02.766Z] [iam] checking project ng-fitness-tracker-e07b2 for permissions ["firebase.projects.get","firebasehosting.sites.update"]
[debug] [2021-05-13T06:49:02.768Z] >>> HTTP REQUEST POST https://cloudresourcemanager.googleapis.com/v1/projects/ng-fitness-tracker-e07b2:testIamPermissions  
 {"permissions":["firebase.projects.get","firebasehosting.sites.update"]}
[debug] [2021-05-13T06:49:04.263Z] <<< HTTP RESPONSE 200 {"content-type":"application/json; charset=UTF-8","vary":"X-Origin, Referer, Origin,Accept-Encoding","date":"Thu, 13 May 2021 06:49:05 GMT","server":"ESF","cache-control":"private","x-xss-protection":"0","x-frame-options":"SAMEORIGIN","x-content-type-options":"nosniff","server-timing":"gfet4t7; dur=1313","alt-svc":"h3-29=\":443\"; ma=2592000,h3-T051=\":443\"; ma=2592000,h3-Q050=\":443\"; ma=2592000,h3-Q046=\":443\"; ma=2592000,h3-Q043=\":443\"; ma=2592000,quic=\":443\"; ma=2592000; v=\"46,43\"","accept-ranges":"none","transfer-encoding":"chunked"}
[debug] [2021-05-13T06:49:04.265Z] > refreshing access token with scopes: []
[debug] [2021-05-13T06:49:04.265Z] >>> HTTP REQUEST POST https://www.googleapis.com/oauth2/v3/token  
 <request body omitted>
[debug] [2021-05-13T06:49:04.505Z] <<< HTTP RESPONSE 200 {"date":"Thu, 13 May 2021 06:49:05 GMT","expires":"Mon, 01 Jan 1990 00:00:00 GMT","cache-control":"no-cache, no-store, max-age=0, must-revalidate","pragma":"no-cache","content-type":"application/json; charset=utf-8","vary":"X-Origin, Referer, Origin,Accept-Encoding","server":"scaffolding on HTTPServer2","x-xss-protection":"0","x-frame-options":"SAMEORIGIN","x-content-type-options":"nosniff","alt-svc":"h3-29=\":443\"; ma=2592000,h3-T051=\":443\"; ma=2592000,h3-Q050=\":443\"; ma=2592000,h3-Q046=\":443\"; ma=2592000,h3-Q043=\":443\"; ma=2592000,quic=\":443\"; ma=2592000; v=\"46,43\"","accept-ranges":"none","transfer-encoding":"chunked"}
[debug] [2021-05-13T06:49:04.608Z] >>> [apiv2][query] GET https://firebase.googleapis.com/v1beta1/projects/ng-fitness-tracker-e07b2 [none]
[debug] [2021-05-13T06:49:05.048Z] <<< [apiv2][status] GET https://firebase.googleapis.com/v1beta1/projects/ng-fitness-tracker-e07b2 200
[debug] [2021-05-13T06:49:05.049Z] <<< [apiv2][body] GET https://firebase.googleapis.com/v1beta1/projects/ng-fitness-tracker-e07b2 {"projectId":"ng-fitness-tracker-e07b2","projectNumber":"808111589350","displayName":"ng-fitness-tracker","name":"projects/ng-fitness-tracker-e07b2","resources":{"hostingSite":"ng-fitness-tracker-e07b2","storageBucket":"ng-fitness-tracker-e07b2.appspot.com","locationId":"us-central"},"state":"ACTIVE"}
[info] 
[info] === Deploying to 'ng-fitness-tracker-e07b2'...
[info] 
[info] i  deploying hosting 
[debug] [2021-05-13T06:49:05.053Z] > refreshing access token with scopes: ["email","https://www.googleapis.com/auth/cloud-platform","https://www.googleapis.com/auth/cloudplatformprojects.readonly","https://www.googleapis.com/auth/firebase","openid"]
[debug] [2021-05-13T06:49:05.054Z] >>> HTTP REQUEST POST https://www.googleapis.com/oauth2/v3/token  
 <request body omitted>
[debug] [2021-05-13T06:49:05.294Z] <<< HTTP RESPONSE 200 {"pragma":"no-cache","date":"Thu, 13 May 2021 06:49:06 GMT","cache-control":"no-cache, no-store, max-age=0, must-revalidate","expires":"Mon, 01 Jan 1990 00:00:00 GMT","content-type":"application/json; charset=utf-8","vary":"X-Origin, Referer, Origin,Accept-Encoding","server":"scaffolding on HTTPServer2","x-xss-protection":"0","x-frame-options":"SAMEORIGIN","x-content-type-options":"nosniff","alt-svc":"h3-29=\":443\"; ma=2592000,h3-T051=\":443\"; ma=2592000,h3-Q050=\":443\"; ma=2592000,h3-Q046=\":443\"; ma=2592000,h3-Q043=\":443\"; ma=2592000,quic=\":443\"; ma=2592000; v=\"46,43\"","accept-ranges":"none","transfer-encoding":"chunked"}
[debug] [2021-05-13T06:49:05.407Z] >>> HTTP REQUEST POST https://firebasehosting.googleapis.com/v1beta1/sites/ng-fitness-tracker-e07b2/versions  
 {"config":{"rewrites":[{"glob":"**","path":"/index.html"}]},"labels":{"deployment-tool":"cli-firebase"}}
